Using pre-set license
Built from '2021.3/staging' branch; Version is '2021.3.34f1 (25266724e7bd) revision 2434663'; Using compiler version '192829333'; Build Type 'Release'
OS: 'Windows 11  (10.0.22631) 64bit Professional' Language: 'fr' Physical Memory: 32693 MB
BatchMode: 1, IsHumanControllingUs: 0, StartBugReporterOnCrash: 0, Is64bit: 1, IsPro: 1

COMMAND LINE ARGUMENTS:
C:\Users\MrKata\Documents\Temp\2021.3.34f1\Editor\Unity.exe
-adb2
-batchMode
-noUpm
-name
AssetImportWorker0
-projectPath
C:/Users/MrKata/Documents/Temp/GameJam2024
-logFile
Logs/AssetImportWorker0.log
-srvPort
50936
Successfully changed project path to: C:/Users/MrKata/Documents/Temp/GameJam2024
C:/Users/MrKata/Documents/Temp/GameJam2024
[UnityMemory] Configuration Parameters - Can be set up in boot.config
    "memorysetup-bucket-allocator-granularity=16"
    "memorysetup-bucket-allocator-bucket-count=8"
    "memorysetup-bucket-allocator-block-size=33554432"
    "memorysetup-bucket-allocator-block-count=8"
    "memorysetup-main-allocator-block-size=16777216"
    "memorysetup-thread-allocator-block-size=16777216"
    "memorysetup-gfx-main-allocator-block-size=16777216"
    "memorysetup-gfx-thread-allocator-block-size=16777216"
    "memorysetup-cache-allocator-block-size=4194304"
    "memorysetup-typetree-allocator-block-size=2097152"
    "memorysetup-profiler-bucket-allocator-granularity=16"
    "memorysetup-profiler-bucket-allocator-bucket-count=8"
    "memorysetup-profiler-bucket-allocator-block-size=33554432"
    "memorysetup-profiler-bucket-allocator-block-count=8"
    "memorysetup-profiler-allocator-block-size=16777216"
    "memorysetup-profiler-editor-allocator-block-size=1048576"
    "memorysetup-temp-allocator-size-main=16777216"
    "memorysetup-job-temp-allocator-block-size=2097152"
    "memorysetup-job-temp-allocator-block-size-background=1048576"
    "memorysetup-job-temp-allocator-reduction-small-platforms=262144"
    "memorysetup-temp-allocator-size-background-worker=32768"
    "memorysetup-temp-allocator-size-job-worker=262144"
    "memorysetup-temp-allocator-size-preload-manager=33554432"
    "memorysetup-temp-allocator-size-nav-mesh-worker=65536"
    "memorysetup-temp-allocator-size-audio-worker=65536"
    "memorysetup-temp-allocator-size-cloud-worker=32768"
    "memorysetup-temp-allocator-size-gi-baking-worker=262144"
    "memorysetup-temp-allocator-size-gfx=262144"
Player connection [13792] Host "[IP] 192.168.1.22 [Port] 0 [Flags] 2 [Guid] 205279788 [EditorId] 205279788 [Version] 1048832 [Id] WindowsEditor(7,DESKTOP-FV5M56S) [Debug] 1 [PackageName] WindowsEditor [ProjectName] Editor" joined multi-casting on [225.0.0.222:54997]...

Player connection [13792] Host "[IP] 192.168.1.22 [Port] 0 [Flags] 2 [Guid] 205279788 [EditorId] 205279788 [Version] 1048832 [Id] WindowsEditor(7,DESKTOP-FV5M56S) [Debug] 1 [PackageName] WindowsEditor [ProjectName] Editor" joined alternative multi-casting on [225.0.0.222:34997]...

[Physics::Module] Initialized MultithreadedJobDispatcher with {0} workers.
Refreshing native plugins compatible for Editor in 86.42 ms, found 4 plugins.
Preloading 0 native plugins for Editor in 0.00 ms.
Initialize engine version: 2021.3.34f1 (25266724e7bd)
[Subsystems] Discovering subsystems at path C:/Users/MrKata/Documents/Temp/2021.3.34f1/Editor/Data/Resources/UnitySubsystems
[Subsystems] Discovering subsystems at path C:/Users/MrKata/Documents/Temp/GameJam2024/Assets
GfxDevice: creating device client; threaded=0; jobified=0
Direct3D:
    Version:  Direct3D 11.0 [level 11.1]
    Renderer: NVIDIA GeForce GTX 1080 (ID=0x1b80)
    Vendor:   NVIDIA
    VRAM:     8059 MB
    Driver:   31.0.15.5123
Initialize mono
Mono path[0] = 'C:/Users/MrKata/Documents/Temp/2021.3.34f1/Editor/Data/Managed'
Mono path[1] = 'C:/Users/MrKata/Documents/Temp/2021.3.34f1/Editor/Data/MonoBleedingEdge/lib/mono/unityjit-win32'
Mono config path = 'C:/Users/MrKata/Documents/Temp/2021.3.34f1/Editor/Data/MonoBleedingEdge/etc'
Using monoOptions --debugger-agent=transport=dt_socket,embedding=1,server=y,suspend=n,address=127.0.0.1:56848
Begin MonoManager ReloadAssembly
Registering precompiled unity dll's ...
Register platform support module: C:/Users/MrKata/Documents/Temp/2021.3.34f1/Editor/Data/PlaybackEngines/WindowsStandaloneSupport/UnityEditor.WindowsStandalone.Extensions.dll
Registered in 0.003151 seconds.
Native extension for WindowsStandalone target not found
Refreshing native plugins compatible for Editor in 86.34 ms, found 4 plugins.
Preloading 0 native plugins for Editor in 0.00 ms.
Mono: successfully reloaded assembly
- Completed reload, in  0.448 seconds
Domain Reload Profiling:
	ReloadAssembly (448ms)
		BeginReloadAssembly (60ms)
			ExecutionOrderSort (0ms)
			DisableScriptedObjects (0ms)
			BackupInstance (0ms)
			ReleaseScriptingObjects (0ms)
			CreateAndSetChildDomain (0ms)
		EndReloadAssembly (327ms)
			LoadAssemblies (59ms)
			RebuildTransferFunctionScriptingTraits (0ms)
			SetupTypeCache (64ms)
			ReleaseScriptCaches (0ms)
			RebuildScriptCaches (16ms)
			SetupLoadedEditorAssemblies (220ms)
				LogAssemblyErrors (0ms)
				InitializePlatformSupportModulesInManaged (5ms)
				SetLoadedEditorAssemblies (0ms)
				RefreshPlugins (86ms)
				BeforeProcessingInitializeOnLoad (1ms)
				ProcessInitializeOnLoadAttributes (98ms)
				ProcessInitializeOnLoadMethodAttributes (29ms)
				AfterProcessingInitializeOnLoad (0ms)
				EditorAssembliesLoaded (0ms)
			ExecutionOrderSort2 (0ms)
			AwakeInstancesAfterBackupRestoration (0ms)
Platform modules already initialized, skipping
Registering precompiled user dll's ...
Registered in 0.005450 seconds.
Begin MonoManager ReloadAssembly
Native extension for WindowsStandalone target not found
Refreshing native plugins compatible for Editor in 89.50 ms, found 4 plugins.
Preloading 0 native plugins for Editor in 0.00 ms.
Package Manager log level set to [2]
[Package Manager] Server::EnsureServerProcessIsRunning -- launch failed, reason: Unity was launched with the -noUpm command-line argument
[Package Manager] Cannot connect to Unity Package Manager local server
Mono: successfully reloaded assembly
- Completed reload, in  1.284 seconds
Domain Reload Profiling:
	ReloadAssembly (1285ms)
		BeginReloadAssembly (90ms)
			ExecutionOrderSort (0ms)
			DisableScriptedObjects (4ms)
			BackupInstance (0ms)
			ReleaseScriptingObjects (0ms)
			CreateAndSetChildDomain (18ms)
		EndReloadAssembly (1124ms)
			LoadAssemblies (70ms)
			RebuildTransferFunctionScriptingTraits (0ms)
			SetupTypeCache (173ms)
			ReleaseScriptCaches (1ms)
			RebuildScriptCaches (46ms)
			SetupLoadedEditorAssemblies (820ms)
				LogAssemblyErrors (0ms)
				InitializePlatformSupportModulesInManaged (3ms)
				SetLoadedEditorAssemblies (0ms)
				RefreshPlugins (90ms)
				BeforeProcessingInitializeOnLoad (80ms)
				ProcessInitializeOnLoadAttributes (553ms)
				ProcessInitializeOnLoadMethodAttributes (90ms)
				AfterProcessingInitializeOnLoad (5ms)
				EditorAssembliesLoaded (0ms)
			ExecutionOrderSort2 (0ms)
			AwakeInstancesAfterBackupRestoration (4ms)
Platform modules already initialized, skipping
========================================================================
Worker process is ready to serve import requests
Launched and connected shader compiler UnityShaderCompiler.exe after 0.03 seconds
Refreshing native plugins compatible for Editor in 1.20 ms, found 4 plugins.
Preloading 0 native plugins for Editor in 0.00 ms.
Unloading 5827 Unused Serialized files (Serialized files now loaded: 0)
Unloading 47 unused Assets / (0.8 MB). Loaded Objects now: 6284.
Memory consumption went from 240.7 MB to 239.9 MB.
Total: 3.449300 ms (FindLiveObjects: 0.402000 ms CreateObjectMapping: 0.149300 ms MarkObjects: 2.579900 ms  DeleteObjects: 0.317400 ms)

AssetImportParameters requested are different than current active one (requested -> active):
  custom:video-decoder-ogg-theora: a1e56fd34408186e4bbccfd4996cb3dc -> 
  custom:container-muxer-webm: aa71ff27fc2769a1b78a27578f13a17b -> 
  custom:container-demuxer-webm: 4f35f7cbe854078d1ac9338744f61a02 -> 
  custom:video-encoder-webm-vp8: eb34c28f22e8b96e1ab97ce403110664 -> 
  custom:video-codec-MediaFoundation-h265: 746d11721c4dcdbdad8f713fa42b33f4 -> 
  custom:CustomObjectIndexerAttribute: 6b0e35c9178b02a6363f3721b7b8e397 -> 
  custom:audio-encoder-webm-vorbis: bf7c407c2cedff20999df2af8eb42d56 -> 
  custom:framework-win-MediaFoundation: 216162199b28c13a410421893ffa2e32 -> 
  custom:SearchIndexIgnoredProperties: e643bd26f0fe6173181afceb89e7c659 -> 
  custom:container-demuxer-ogg: 62fdf1f143b41e24485cea50d1cbac27 -> 
  custom:video-decoder-webm-vp8: 9c59270c3fd7afecdb556c50c9e8de78 -> 
  custom:audio-decoder-ogg-vorbis: bf7c407c2cedff20999df2af8eb42d56 -> 
========================================================================
Received Import Request.
  Time since last request: 5888.837624 seconds.
  path: Assets/Resources/Config/DefaultInputs.asset
  artifactKey: Guid(0c685d7cbc0949245aeb297151952b88) Importer(815301076,1909f56bfc062723c751e8b465ee728b)
Number of updated assets reloaded before import = 0
Start importing Assets/Resources/Config/DefaultInputs.asset using Guid(0c685d7cbc0949245aeb297151952b88) Importer(815301076,1909f56bfc062723c751e8b465ee728b)  -> (artifact id: '53e3ebaf433738fe222bc0f61e3544f4') in 0.032302 seconds 
Number of asset objects unloaded after import = 1
========================================================================
Received Import Request.
  Time since last request: 0.000016 seconds.
  path: Assets/Resources/Config/KataWorldCompeteDark.asset
  artifactKey: Guid(1b8a0c50224b66842b36f1b7d4c5e63d) Importer(815301076,1909f56bfc062723c751e8b465ee728b)
Number of updated assets reloaded before import = 0
Start importing Assets/Resources/Config/KataWorldCompeteDark.asset using Guid(1b8a0c50224b66842b36f1b7d4c5e63d) Importer(815301076,1909f56bfc062723c751e8b465ee728b)  -> (artifact id: '379052d0b48238cfd1aeb1425d3f789f') in 0.004978 seconds 
Number of asset objects unloaded after import = 1
========================================================================
Received Import Request.
  Time since last request: 2.333023 seconds.
  path: Assets/Resources/Logiked/ProjectSettings.asset
  artifactKey: Guid(476f515a9fdca834e982b2845e032a36) Importer(815301076,1909f56bfc062723c751e8b465ee728b)
Number of updated assets reloaded before import = 0
Start importing Assets/Resources/Logiked/ProjectSettings.asset using Guid(476f515a9fdca834e982b2845e032a36) Importer(815301076,1909f56bfc062723c751e8b465ee728b)  -> (artifact id: '43531e98e1255d84205310aeeb3d75d0') in 0.006520 seconds 
Number of asset objects unloaded after import = 1
========================================================================
Received Import Request.
  Time since last request: 10.347772 seconds.
  path: Assets/FunkyCode/Demos - SmartLighting2D/Demos - Basics (Overlay)/13 - Sprite Projection/LProfile Projection.asset
  artifactKey: Guid(315745af050b53f46a69cc7827470819) Importer(815301076,1909f56bfc062723c751e8b465ee728b)
Number of updated assets reloaded before import = 0
Start importing Assets/FunkyCode/Demos - SmartLighting2D/Demos - Basics (Overlay)/13 - Sprite Projection/LProfile Projection.asset using Guid(315745af050b53f46a69cc7827470819) Importer(815301076,1909f56bfc062723c751e8b465ee728b)  -> (artifact id: '5fe6bd551c79fc1c00f632a3961a3938') in 0.008856 seconds 
Number of asset objects unloaded after import = 1
========================================================================
Received Import Request.
  Time since last request: 35.133644 seconds.
  path: Assets/External/Logiked/Logiked2DTools/Icons/logiked_animation2D.png
  artifactKey: Guid(1e8c987e0adfbcb4aa70b58e9ffcbb70) Importer(815301076,1909f56bfc062723c751e8b465ee728b)
Number of updated assets reloaded before import = 0
Start importing Assets/External/Logiked/Logiked2DTools/Icons/logiked_animation2D.png using Guid(1e8c987e0adfbcb4aa70b58e9ffcbb70) Importer(815301076,1909f56bfc062723c751e8b465ee728b)  -> (artifact id: '1d3eacaf45dff296452c30badada49ec') in 0.088291 seconds 
Number of asset objects unloaded after import = 3
========================================================================
Received Import Request.
  Time since last request: 11.433145 seconds.
  path: Assets/External/Logiked/LogikedSource/Icons/logiked_appDeploy.png
  artifactKey: Guid(a124c573a4f088e409a3e971e8d4050c) Importer(815301076,1909f56bfc062723c751e8b465ee728b)
Number of updated assets reloaded before import = 0
Start importing Assets/External/Logiked/LogikedSource/Icons/logiked_appDeploy.png using Guid(a124c573a4f088e409a3e971e8d4050c) Importer(815301076,1909f56bfc062723c751e8b465ee728b)  -> (artifact id: 'c188e5bc3ada8e55fb064a05be06947c') in 0.020257 seconds 
Number of asset objects unloaded after import = 3
========================================================================
Received Import Request.
  Time since last request: 0.000015 seconds.
  path: Assets/External/Logiked/LogikedSource/Icons/logiked_GuiStyleBorder1.png
  artifactKey: Guid(f6abbf34b17c452419a1260d05adef2c) Importer(815301076,1909f56bfc062723c751e8b465ee728b)
Number of updated assets reloaded before import = 0
Start importing Assets/External/Logiked/LogikedSource/Icons/logiked_GuiStyleBorder1.png using Guid(f6abbf34b17c452419a1260d05adef2c) Importer(815301076,1909f56bfc062723c751e8b465ee728b)  -> (artifact id: '1c40492f6a9f91f0544e9ae6e8bf89e4') in 0.013627 seconds 
Number of asset objects unloaded after import = 2
========================================================================
Received Import Request.
  Time since last request: 0.000020 seconds.
  path: Assets/External/Logiked/LogikedSource/Icons/logiked_settings.png
  artifactKey: Guid(d65ff5f1684dca0478ee3a296abcbf5e) Importer(815301076,1909f56bfc062723c751e8b465ee728b)
Number of updated assets reloaded before import = 0
Start importing Assets/External/Logiked/LogikedSource/Icons/logiked_settings.png using Guid(d65ff5f1684dca0478ee3a296abcbf5e) Importer(815301076,1909f56bfc062723c751e8b465ee728b)  -> (artifact id: '4d38c3988653bfc0a0c8063b682d3976') in 0.015870 seconds 
Number of asset objects unloaded after import = 3
========================================================================
Received Import Request.
  Time since last request: 0.000029 seconds.
  path: Assets/External/Logiked/LogikedSource/Icons/logiked_manager2.png
  artifactKey: Guid(86768d6d35a0f2d4cade2dc464ddd1d6) Importer(815301076,1909f56bfc062723c751e8b465ee728b)
Number of updated assets reloaded before import = 0
Start importing Assets/External/Logiked/LogikedSource/Icons/logiked_manager2.png using Guid(86768d6d35a0f2d4cade2dc464ddd1d6) Importer(815301076,1909f56bfc062723c751e8b465ee728b)  -> (artifact id: '4529d1931b1a60f37f710a602fa12fd8') in 0.017869 seconds 
Number of asset objects unloaded after import = 3
Editor requested this worker to shutdown with reason: Scaling down because of idle timeout
AssetImportWorker is now disconnected from the server
Process exiting
Exiting without the bug reporter. Application will terminate with return code 0