Using pre-set license
Built from '2021.3/staging' branch; Version is '2021.3.33f1 (ee5a2aa03ab2) revision 15620650'; Using compiler version '192829333'; Build Type 'Release'
OS: 'Windows 10  (10.0.19045) 64bit Core' Language: 'fr' Physical Memory: 15296 MB
BatchMode: 1, IsHumanControllingUs: 0, StartBugReporterOnCrash: 0, Is64bit: 1, IsPro: 1

COMMAND LINE ARGUMENTS:
P:\Programs\Unity\2021.3.33f1\Editor\Unity.exe
-adb2
-batchMode
-noUpm
-name
AssetImportWorker5
-projectPath
P:/UNITY_PROJECTS_SSD/GameJam2024
-logFile
Logs/AssetImportWorker5.log
-srvPort
51160
Successfully changed project path to: P:/UNITY_PROJECTS_SSD/GameJam2024
P:/UNITY_PROJECTS_SSD/GameJam2024
[UnityMemory] Configuration Parameters - Can be set up in boot.config
    "memorysetup-bucket-allocator-granularity=16"
    "memorysetup-bucket-allocator-bucket-count=8"
    "memorysetup-bucket-allocator-block-size=33554432"
    "memorysetup-bucket-allocator-block-count=8"
    "memorysetup-main-allocator-block-size=16777216"
    "memorysetup-thread-allocator-block-size=16777216"
    "memorysetup-gfx-main-allocator-block-size=16777216"
    "memorysetup-gfx-thread-allocator-block-size=16777216"
    "memorysetup-cache-allocator-block-size=4194304"
    "memorysetup-typetree-allocator-block-size=2097152"
    "memorysetup-profiler-bucket-allocator-granularity=16"
    "memorysetup-profiler-bucket-allocator-bucket-count=8"
    "memorysetup-profiler-bucket-allocator-block-size=33554432"
    "memorysetup-profiler-bucket-allocator-block-count=8"
    "memorysetup-profiler-allocator-block-size=16777216"
    "memorysetup-profiler-editor-allocator-block-size=1048576"
    "memorysetup-temp-allocator-size-main=16777216"
    "memorysetup-job-temp-allocator-block-size=2097152"
    "memorysetup-job-temp-allocator-block-size-background=1048576"
    "memorysetup-job-temp-allocator-reduction-small-platforms=262144"
    "memorysetup-temp-allocator-size-background-worker=32768"
    "memorysetup-temp-allocator-size-job-worker=262144"
    "memorysetup-temp-allocator-size-preload-manager=33554432"
    "memorysetup-temp-allocator-size-nav-mesh-worker=65536"
    "memorysetup-temp-allocator-size-audio-worker=65536"
    "memorysetup-temp-allocator-size-cloud-worker=32768"
    "memorysetup-temp-allocator-size-gi-baking-worker=262144"
    "memorysetup-temp-allocator-size-gfx=262144"
Player connection [17580] Host "[IP] 192.168.1.88 [Port] 0 [Flags] 2 [Guid] 3003780206 [EditorId] 3003780206 [Version] 1048832 [Id] WindowsEditor(7,DESKTOP-MN1O5LP) [Debug] 1 [PackageName] WindowsEditor [ProjectName] Editor" joined multi-casting on [225.0.0.222:54997]...

Player connection [17580] Host "[IP] 192.168.1.88 [Port] 0 [Flags] 2 [Guid] 3003780206 [EditorId] 3003780206 [Version] 1048832 [Id] WindowsEditor(7,DESKTOP-MN1O5LP) [Debug] 1 [PackageName] WindowsEditor [ProjectName] Editor" joined alternative multi-casting on [225.0.0.222:34997]...

[Physics::Module] Initialized MultithreadedJobDispatcher with {0} workers.
Refreshing native plugins compatible for Editor in 192.96 ms, found 4 plugins.
Preloading 0 native plugins for Editor in 0.00 ms.
Initialize engine version: 2021.3.33f1 (ee5a2aa03ab2)
[Subsystems] Discovering subsystems at path P:/Programs/Unity/2021.3.33f1/Editor/Data/Resources/UnitySubsystems
[Subsystems] Discovering subsystems at path P:/UNITY_PROJECTS_SSD/GameJam2024/Assets
GfxDevice: creating device client; threaded=0; jobified=0
Direct3D:
    Version:  Direct3D 11.0 [level 11.1]
    Renderer: NVIDIA GeForce GTX 970 (ID=0x13c2)
    Vendor:   NVIDIA
    VRAM:     4037 MB
    Driver:   31.0.15.3623
Initialize mono
Mono path[0] = 'P:/Programs/Unity/2021.3.33f1/Editor/Data/Managed'
Mono path[1] = 'P:/Programs/Unity/2021.3.33f1/Editor/Data/MonoBleedingEdge/lib/mono/unityjit-win32'
Mono config path = 'P:/Programs/Unity/2021.3.33f1/Editor/Data/MonoBleedingEdge/etc'
Using monoOptions --debugger-agent=transport=dt_socket,embedding=1,server=y,suspend=n,address=127.0.0.1:56432
Begin MonoManager ReloadAssembly
Registering precompiled unity dll's ...
Register platform support module: P:/Programs/Unity/2021.3.33f1/Editor/Data/PlaybackEngines/WindowsStandaloneSupport/UnityEditor.WindowsStandalone.Extensions.dll
Registered in 0.004129 seconds.
Native extension for WindowsStandalone target not found
Refreshing native plugins compatible for Editor in 159.97 ms, found 4 plugins.
Preloading 0 native plugins for Editor in 0.00 ms.
Mono: successfully reloaded assembly
- Completed reload, in  0.910 seconds
Domain Reload Profiling:
	ReloadAssembly (910ms)
		BeginReloadAssembly (127ms)
			ExecutionOrderSort (0ms)
			DisableScriptedObjects (0ms)
			BackupInstance (0ms)
			ReleaseScriptingObjects (0ms)
			CreateAndSetChildDomain (1ms)
		EndReloadAssembly (660ms)
			LoadAssemblies (126ms)
			RebuildTransferFunctionScriptingTraits (0ms)
			SetupTypeCache (141ms)
			ReleaseScriptCaches (0ms)
			RebuildScriptCaches (34ms)
			SetupLoadedEditorAssemblies (438ms)
				LogAssemblyErrors (0ms)
				InitializePlatformSupportModulesInManaged (9ms)
				SetLoadedEditorAssemblies (0ms)
				RefreshPlugins (160ms)
				BeforeProcessingInitializeOnLoad (2ms)
				ProcessInitializeOnLoadAttributes (197ms)
				ProcessInitializeOnLoadMethodAttributes (71ms)
				AfterProcessingInitializeOnLoad (0ms)
				EditorAssembliesLoaded (0ms)
			ExecutionOrderSort2 (0ms)
			AwakeInstancesAfterBackupRestoration (0ms)
Platform modules already initialized, skipping
Registering precompiled user dll's ...
Registered in 0.011093 seconds.
Begin MonoManager ReloadAssembly
Native extension for WindowsStandalone target not found
Refreshing native plugins compatible for Editor in 179.83 ms, found 4 plugins.
Preloading 0 native plugins for Editor in 0.00 ms.
Package Manager log level set to [2]
[Package Manager] Server::EnsureServerProcessIsRunning -- launch failed, reason: Unity was launched with the -noUpm command-line argument
[Package Manager] Cannot connect to Unity Package Manager local server
Mono: successfully reloaded assembly
- Completed reload, in  2.394 seconds
Domain Reload Profiling:
	ReloadAssembly (2395ms)
		BeginReloadAssembly (203ms)
			ExecutionOrderSort (0ms)
			DisableScriptedObjects (9ms)
			BackupInstance (0ms)
			ReleaseScriptingObjects (0ms)
			CreateAndSetChildDomain (26ms)
		EndReloadAssembly (1968ms)
			LoadAssemblies (192ms)
			RebuildTransferFunctionScriptingTraits (0ms)
			SetupTypeCache (394ms)
			ReleaseScriptCaches (1ms)
			RebuildScriptCaches (96ms)
			SetupLoadedEditorAssemblies (1292ms)
				LogAssemblyErrors (0ms)
				InitializePlatformSupportModulesInManaged (4ms)
				SetLoadedEditorAssemblies (0ms)
				RefreshPlugins (180ms)
				BeforeProcessingInitializeOnLoad (163ms)
				ProcessInitializeOnLoadAttributes (765ms)
				ProcessInitializeOnLoadMethodAttributes (175ms)
				AfterProcessingInitializeOnLoad (4ms)
				EditorAssembliesLoaded (0ms)
			ExecutionOrderSort2 (0ms)
			AwakeInstancesAfterBackupRestoration (7ms)
Platform modules already initialized, skipping
========================================================================
Worker process is ready to serve import requests
Launched and connected shader compiler UnityShaderCompiler.exe after 0.07 seconds
Refreshing native plugins compatible for Editor in 1.88 ms, found 4 plugins.
Preloading 0 native plugins for Editor in 0.00 ms.
Unloading 5826 Unused Serialized files (Serialized files now loaded: 0)
Unloading 47 unused Assets / (0.8 MB). Loaded Objects now: 6283.
Memory consumption went from 239.8 MB to 238.9 MB.
Total: 4.954900 ms (FindLiveObjects: 0.611800 ms CreateObjectMapping: 0.254400 ms MarkObjects: 3.653700 ms  DeleteObjects: 0.433800 ms)

AssetImportParameters requested are different than current active one (requested -> active):
  custom:video-decoder-ogg-theora: a1e56fd34408186e4bbccfd4996cb3dc -> 
  custom:container-muxer-webm: aa71ff27fc2769a1b78a27578f13a17b -> 
  custom:container-demuxer-webm: 4f35f7cbe854078d1ac9338744f61a02 -> 
  custom:video-encoder-webm-vp8: eb34c28f22e8b96e1ab97ce403110664 -> 
  custom:CustomObjectIndexerAttribute: 6b0e35c9178b02a6363f3721b7b8e397 -> 
  custom:audio-encoder-webm-vorbis: bf7c407c2cedff20999df2af8eb42d56 -> 
  custom:framework-win-MediaFoundation: 216162199b28c13a410421893ffa2e32 -> 
  custom:SearchIndexIgnoredProperties: e643bd26f0fe6173181afceb89e7c659 -> 
  custom:container-demuxer-ogg: 62fdf1f143b41e24485cea50d1cbac27 -> 
  custom:video-decoder-webm-vp8: 9c59270c3fd7afecdb556c50c9e8de78 -> 
  custom:audio-decoder-ogg-vorbis: bf7c407c2cedff20999df2af8eb42d56 -> 
========================================================================
Received Import Request.
  Time since last request: 5502.167491 seconds.
  path: Assets/Textures/Worlds/Prison/Props/Door1.png
  artifactKey: Guid(f90b003b7c5cc964b951ad3f4b8a625a) Importer(815301076,1909f56bfc062723c751e8b465ee728b)
Number of updated assets reloaded before import = 0
Start importing Assets/Textures/Worlds/Prison/Props/Door1.png using Guid(f90b003b7c5cc964b951ad3f4b8a625a) Importer(815301076,1909f56bfc062723c751e8b465ee728b)  -> (artifact id: '68b09414ee05865a6abb5492d7fccc3e') in 0.209401 seconds 
Number of asset objects unloaded after import = 5
========================================================================
Received Import Request.
  Time since last request: 0.000036 seconds.
  path: Assets/Textures/Worlds/Prison/Props/prs_props_1.png
  artifactKey: Guid(267e36244deea5647824ecabb181614d) Importer(815301076,1909f56bfc062723c751e8b465ee728b)
Number of updated assets reloaded before import = 0
Start importing Assets/Textures/Worlds/Prison/Props/prs_props_1.png using Guid(267e36244deea5647824ecabb181614d) Importer(815301076,1909f56bfc062723c751e8b465ee728b)  -> (artifact id: 'fbe96792cd4a30669d5c58d16ce5250a') in 0.100708 seconds 
Number of asset objects unloaded after import = 12
========================================================================
Received Import Request.
  Time since last request: 0.000070 seconds.
  path: Assets/Textures/Worlds/Prison/Props/prs_button.png
  artifactKey: Guid(316ba99dddfa46f44a6ab60a6142dc4e) Importer(815301076,1909f56bfc062723c751e8b465ee728b)
Number of updated assets reloaded before import = 0
Start importing Assets/Textures/Worlds/Prison/Props/prs_button.png using Guid(316ba99dddfa46f44a6ab60a6142dc4e) Importer(815301076,1909f56bfc062723c751e8b465ee728b)  -> (artifact id: '6d38ba4b64d497e9da5697db9051deae') in 0.035024 seconds 
Number of asset objects unloaded after import = 4
========================================================================
Received Import Request.
  Time since last request: 0.000026 seconds.
  path: Assets/Textures/Worlds/Prison/materials/prs_mat2.mat
  artifactKey: Guid(5a3bdd3f8dd3d63409e41b6784ec0f3d) Importer(815301076,1909f56bfc062723c751e8b465ee728b)
Number of updated assets reloaded before import = 0
Start importing Assets/Textures/Worlds/Prison/materials/prs_mat2.mat using Guid(5a3bdd3f8dd3d63409e41b6784ec0f3d) Importer(815301076,1909f56bfc062723c751e8b465ee728b)  -> (artifact id: '5f82f2129fda01ead8440c95ad848a67') in 0.251487 seconds 
Number of asset objects unloaded after import = 13
========================================================================
Received Import Request.
  Time since last request: 0.000043 seconds.
  path: Assets/Textures/Worlds/Prison/materials/prs_mat3.mat
  artifactKey: Guid(5dbc00601c71d62488fe07d61ec86086) Importer(815301076,1909f56bfc062723c751e8b465ee728b)
Number of updated assets reloaded before import = 0
Start importing Assets/Textures/Worlds/Prison/materials/prs_mat3.mat using Guid(5dbc00601c71d62488fe07d61ec86086) Importer(815301076,1909f56bfc062723c751e8b465ee728b)  -> (artifact id: '08893d3e75a2a96ad20628836cc90b01') in 0.033252 seconds 
Number of asset objects unloaded after import = 4
========================================================================
Received Import Request.
  Time since last request: 0.000041 seconds.
  path: Assets/Textures/Worlds/Prison/materials/prs_whitePenCutout.mat
  artifactKey: Guid(8873d1be01418e84d819a33e6f33d15a) Importer(815301076,1909f56bfc062723c751e8b465ee728b)
Number of updated assets reloaded before import = 0
Start importing Assets/Textures/Worlds/Prison/materials/prs_whitePenCutout.mat using Guid(8873d1be01418e84d819a33e6f33d15a) Importer(815301076,1909f56bfc062723c751e8b465ee728b)  -> (artifact id: '83b51b4e0a2aa1521d27b82ca93ee921') in 0.036609 seconds 
Number of asset objects unloaded after import = 3
========================================================================
Received Import Request.
  Time since last request: 0.000030 seconds.
  path: Assets/Textures/Worlds/Prison/materials/prs_mat1.mat
  artifactKey: Guid(9fe823655938b434fa1041e1c883df83) Importer(815301076,1909f56bfc062723c751e8b465ee728b)
Number of updated assets reloaded before import = 0
Start importing Assets/Textures/Worlds/Prison/materials/prs_mat1.mat using Guid(9fe823655938b434fa1041e1c883df83) Importer(815301076,1909f56bfc062723c751e8b465ee728b)  -> (artifact id: '88a493558ae45a8c71bdf7607bdd6038') in 0.030442 seconds 
Number of asset objects unloaded after import = 4
========================================================================
Received Import Request.
  Time since last request: 0.000044 seconds.
  path: Assets/Textures/Worlds/Prison/materials/BackgroundDegrad0.mat
  artifactKey: Guid(9823db677a28f154eba7f542f769f0dd) Importer(815301076,1909f56bfc062723c751e8b465ee728b)
Number of updated assets reloaded before import = 0
Start importing Assets/Textures/Worlds/Prison/materials/BackgroundDegrad0.mat using Guid(9823db677a28f154eba7f542f769f0dd) Importer(815301076,1909f56bfc062723c751e8b465ee728b)  -> (artifact id: '130def5c3312dca27bc761c6ff7edf30') in 0.064637 seconds 
Number of asset objects unloaded after import = 2
========================================================================
Received Import Request.
  Time since last request: 3.879930 seconds.
  path: Assets/Textures/Worlds/Prison/Background/prs_backTiles_hole.png
  artifactKey: Guid(0f60c3600bf712043849e28f1d6a895e) Importer(815301076,1909f56bfc062723c751e8b465ee728b)
Number of updated assets reloaded before import = 0
Start importing Assets/Textures/Worlds/Prison/Background/prs_backTiles_hole.png using Guid(0f60c3600bf712043849e28f1d6a895e) Importer(815301076,1909f56bfc062723c751e8b465ee728b)  -> (artifact id: '7addf5ee85708ab8e80cf3c195c96efa') in 0.107486 seconds 
Number of asset objects unloaded after import = 31
========================================================================
Received Import Request.
  Time since last request: 0.000031 seconds.
  path: Assets/Textures/Worlds/Prison/Background/prs_treestuff0.png
  artifactKey: Guid(76db3759bb8ac904b9fc09c85287a29b) Importer(815301076,1909f56bfc062723c751e8b465ee728b)
Number of updated assets reloaded before import = 0
Start importing Assets/Textures/Worlds/Prison/Background/prs_treestuff0.png using Guid(76db3759bb8ac904b9fc09c85287a29b) Importer(815301076,1909f56bfc062723c751e8b465ee728b)  -> (artifact id: '8e36192b7ed13118725bbfc64674681a') in 0.149687 seconds 
Number of asset objects unloaded after import = 14
========================================================================
Received Import Request.
  Time since last request: 0.000040 seconds.
  path: Assets/Textures/Worlds/Prison/Background/prs_clouds.png
  artifactKey: Guid(5e1fe52dd34b263458d84ac595769acd) Importer(815301076,1909f56bfc062723c751e8b465ee728b)
Number of updated assets reloaded before import = 0
Start importing Assets/Textures/Worlds/Prison/Background/prs_clouds.png using Guid(5e1fe52dd34b263458d84ac595769acd) Importer(815301076,1909f56bfc062723c751e8b465ee728b)  -> (artifact id: '928dc0eb994c661ea7e3ad0a7fceb648') in 0.055011 seconds 
Number of asset objects unloaded after import = 7
Editor requested this worker to shutdown with reason: Scaling down because of idle timeout
AssetImportWorker is now disconnected from the server
Process exiting
Exiting without the bug reporter. Application will terminate with return code 0