Using pre-set license
Built from '2021.3/staging' branch; Version is '2021.3.33f1 (ee5a2aa03ab2) revision 15620650'; Using compiler version '192829333'; Build Type 'Release'
OS: 'Windows 10  (10.0.19045) 64bit Core' Language: 'fr' Physical Memory: 15296 MB
BatchMode: 1, IsHumanControllingUs: 0, StartBugReporterOnCrash: 0, Is64bit: 1, IsPro: 1

COMMAND LINE ARGUMENTS:
P:\Programs\Unity\2021.3.33f1\Editor\Unity.exe
-adb2
-batchMode
-noUpm
-name
AssetImportWorker4
-projectPath
P:/UNITY_PROJECTS_SSD/GameJam2024
-logFile
Logs/AssetImportWorker4.log
-srvPort
51160
Successfully changed project path to: P:/UNITY_PROJECTS_SSD/GameJam2024
P:/UNITY_PROJECTS_SSD/GameJam2024
[UnityMemory] Configuration Parameters - Can be set up in boot.config
    "memorysetup-bucket-allocator-granularity=16"
    "memorysetup-bucket-allocator-bucket-count=8"
    "memorysetup-bucket-allocator-block-size=33554432"
    "memorysetup-bucket-allocator-block-count=8"
    "memorysetup-main-allocator-block-size=16777216"
    "memorysetup-thread-allocator-block-size=16777216"
    "memorysetup-gfx-main-allocator-block-size=16777216"
    "memorysetup-gfx-thread-allocator-block-size=16777216"
    "memorysetup-cache-allocator-block-size=4194304"
    "memorysetup-typetree-allocator-block-size=2097152"
    "memorysetup-profiler-bucket-allocator-granularity=16"
    "memorysetup-profiler-bucket-allocator-bucket-count=8"
    "memorysetup-profiler-bucket-allocator-block-size=33554432"
    "memorysetup-profiler-bucket-allocator-block-count=8"
    "memorysetup-profiler-allocator-block-size=16777216"
    "memorysetup-profiler-editor-allocator-block-size=1048576"
    "memorysetup-temp-allocator-size-main=16777216"
    "memorysetup-job-temp-allocator-block-size=2097152"
    "memorysetup-job-temp-allocator-block-size-background=1048576"
    "memorysetup-job-temp-allocator-reduction-small-platforms=262144"
    "memorysetup-temp-allocator-size-background-worker=32768"
    "memorysetup-temp-allocator-size-job-worker=262144"
    "memorysetup-temp-allocator-size-preload-manager=33554432"
    "memorysetup-temp-allocator-size-nav-mesh-worker=65536"
    "memorysetup-temp-allocator-size-audio-worker=65536"
    "memorysetup-temp-allocator-size-cloud-worker=32768"
    "memorysetup-temp-allocator-size-gi-baking-worker=262144"
    "memorysetup-temp-allocator-size-gfx=262144"
Player connection [13604] Host "[IP] 192.168.1.88 [Port] 0 [Flags] 2 [Guid] 3326194092 [EditorId] 3326194092 [Version] 1048832 [Id] WindowsEditor(7,DESKTOP-MN1O5LP) [Debug] 1 [PackageName] WindowsEditor [ProjectName] Editor" joined multi-casting on [225.0.0.222:54997]...

Player connection [13604] Host "[IP] 192.168.1.88 [Port] 0 [Flags] 2 [Guid] 3326194092 [EditorId] 3326194092 [Version] 1048832 [Id] WindowsEditor(7,DESKTOP-MN1O5LP) [Debug] 1 [PackageName] WindowsEditor [ProjectName] Editor" joined alternative multi-casting on [225.0.0.222:34997]...

[Physics::Module] Initialized MultithreadedJobDispatcher with {0} workers.
Refreshing native plugins compatible for Editor in 183.09 ms, found 4 plugins.
Preloading 0 native plugins for Editor in 0.00 ms.
Initialize engine version: 2021.3.33f1 (ee5a2aa03ab2)
[Subsystems] Discovering subsystems at path P:/Programs/Unity/2021.3.33f1/Editor/Data/Resources/UnitySubsystems
[Subsystems] Discovering subsystems at path P:/UNITY_PROJECTS_SSD/GameJam2024/Assets
GfxDevice: creating device client; threaded=0; jobified=0
Direct3D:
    Version:  Direct3D 11.0 [level 11.1]
    Renderer: NVIDIA GeForce GTX 970 (ID=0x13c2)
    Vendor:   NVIDIA
    VRAM:     4037 MB
    Driver:   31.0.15.3623
Initialize mono
Mono path[0] = 'P:/Programs/Unity/2021.3.33f1/Editor/Data/Managed'
Mono path[1] = 'P:/Programs/Unity/2021.3.33f1/Editor/Data/MonoBleedingEdge/lib/mono/unityjit-win32'
Mono config path = 'P:/Programs/Unity/2021.3.33f1/Editor/Data/MonoBleedingEdge/etc'
Using monoOptions --debugger-agent=transport=dt_socket,embedding=1,server=y,suspend=n,address=127.0.0.1:56332
Begin MonoManager ReloadAssembly
Registering precompiled unity dll's ...
Register platform support module: P:/Programs/Unity/2021.3.33f1/Editor/Data/PlaybackEngines/WindowsStandaloneSupport/UnityEditor.WindowsStandalone.Extensions.dll
Registered in 0.003410 seconds.
Native extension for WindowsStandalone target not found
Refreshing native plugins compatible for Editor in 162.37 ms, found 4 plugins.
Preloading 0 native plugins for Editor in 0.00 ms.
Mono: successfully reloaded assembly
- Completed reload, in  0.904 seconds
Domain Reload Profiling:
	ReloadAssembly (905ms)
		BeginReloadAssembly (129ms)
			ExecutionOrderSort (0ms)
			DisableScriptedObjects (0ms)
			BackupInstance (0ms)
			ReleaseScriptingObjects (0ms)
			CreateAndSetChildDomain (1ms)
		EndReloadAssembly (658ms)
			LoadAssemblies (128ms)
			RebuildTransferFunctionScriptingTraits (0ms)
			SetupTypeCache (134ms)
			ReleaseScriptCaches (0ms)
			RebuildScriptCaches (36ms)
			SetupLoadedEditorAssemblies (437ms)
				LogAssemblyErrors (0ms)
				InitializePlatformSupportModulesInManaged (8ms)
				SetLoadedEditorAssemblies (0ms)
				RefreshPlugins (162ms)
				BeforeProcessingInitializeOnLoad (1ms)
				ProcessInitializeOnLoadAttributes (203ms)
				ProcessInitializeOnLoadMethodAttributes (61ms)
				AfterProcessingInitializeOnLoad (0ms)
				EditorAssembliesLoaded (0ms)
			ExecutionOrderSort2 (0ms)
			AwakeInstancesAfterBackupRestoration (0ms)
Platform modules already initialized, skipping
Registering precompiled user dll's ...
Registered in 0.011095 seconds.
Begin MonoManager ReloadAssembly
Native extension for WindowsStandalone target not found
Refreshing native plugins compatible for Editor in 176.64 ms, found 4 plugins.
Preloading 0 native plugins for Editor in 0.00 ms.
Package Manager log level set to [2]
[Package Manager] Server::EnsureServerProcessIsRunning -- launch failed, reason: Unity was launched with the -noUpm command-line argument
[Package Manager] Cannot connect to Unity Package Manager local server
Mono: successfully reloaded assembly
- Completed reload, in  2.372 seconds
Domain Reload Profiling:
	ReloadAssembly (2373ms)
		BeginReloadAssembly (223ms)
			ExecutionOrderSort (0ms)
			DisableScriptedObjects (8ms)
			BackupInstance (0ms)
			ReleaseScriptingObjects (0ms)
			CreateAndSetChildDomain (28ms)
		EndReloadAssembly (1937ms)
			LoadAssemblies (197ms)
			RebuildTransferFunctionScriptingTraits (0ms)
			SetupTypeCache (397ms)
			ReleaseScriptCaches (2ms)
			RebuildScriptCaches (105ms)
			SetupLoadedEditorAssemblies (1255ms)
				LogAssemblyErrors (0ms)
				InitializePlatformSupportModulesInManaged (5ms)
				SetLoadedEditorAssemblies (0ms)
				RefreshPlugins (177ms)
				BeforeProcessingInitializeOnLoad (135ms)
				ProcessInitializeOnLoadAttributes (760ms)
				ProcessInitializeOnLoadMethodAttributes (174ms)
				AfterProcessingInitializeOnLoad (4ms)
				EditorAssembliesLoaded (0ms)
			ExecutionOrderSort2 (0ms)
			AwakeInstancesAfterBackupRestoration (9ms)
Platform modules already initialized, skipping
========================================================================
Worker process is ready to serve import requests
Launched and connected shader compiler UnityShaderCompiler.exe after 0.07 seconds
Refreshing native plugins compatible for Editor in 2.14 ms, found 4 plugins.
Preloading 0 native plugins for Editor in 0.00 ms.
Unloading 5826 Unused Serialized files (Serialized files now loaded: 0)
Unloading 47 unused Assets / (0.8 MB). Loaded Objects now: 6283.
Memory consumption went from 239.8 MB to 238.9 MB.
Total: 5.804600 ms (FindLiveObjects: 0.618100 ms CreateObjectMapping: 0.237700 ms MarkObjects: 4.472800 ms  DeleteObjects: 0.474600 ms)

AssetImportParameters requested are different than current active one (requested -> active):
  custom:video-decoder-ogg-theora: a1e56fd34408186e4bbccfd4996cb3dc -> 
  custom:container-muxer-webm: aa71ff27fc2769a1b78a27578f13a17b -> 
  custom:container-demuxer-webm: 4f35f7cbe854078d1ac9338744f61a02 -> 
  custom:video-encoder-webm-vp8: eb34c28f22e8b96e1ab97ce403110664 -> 
  custom:CustomObjectIndexerAttribute: 6b0e35c9178b02a6363f3721b7b8e397 -> 
  custom:audio-encoder-webm-vorbis: bf7c407c2cedff20999df2af8eb42d56 -> 
  custom:framework-win-MediaFoundation: 216162199b28c13a410421893ffa2e32 -> 
  custom:SearchIndexIgnoredProperties: e643bd26f0fe6173181afceb89e7c659 -> 
  custom:container-demuxer-ogg: 62fdf1f143b41e24485cea50d1cbac27 -> 
  custom:video-decoder-webm-vp8: 9c59270c3fd7afecdb556c50c9e8de78 -> 
  custom:audio-decoder-ogg-vorbis: bf7c407c2cedff20999df2af8eb42d56 -> 
========================================================================
Received Import Request.
  Time since last request: 5502.167178 seconds.
  path: Assets/Textures/Worlds/Prison/Props/chains.png
  artifactKey: Guid(404a98a6572d6ba49bc2f3975559fb59) Importer(815301076,1909f56bfc062723c751e8b465ee728b)
Number of updated assets reloaded before import = 0
Start importing Assets/Textures/Worlds/Prison/Props/chains.png using Guid(404a98a6572d6ba49bc2f3975559fb59) Importer(815301076,1909f56bfc062723c751e8b465ee728b)  -> (artifact id: 'd9abc25356eeab1fd92f2044c7dfd3c7') in 0.209339 seconds 
Number of asset objects unloaded after import = 4
========================================================================
Received Import Request.
  Time since last request: 0.000053 seconds.
  path: Assets/Textures/Worlds/Prison/Props/prs_chains.asset
  artifactKey: Guid(fed878fb3221b9e4e9af182d15556579) Importer(815301076,1909f56bfc062723c751e8b465ee728b)
Number of updated assets reloaded before import = 0
Start importing Assets/Textures/Worlds/Prison/Props/prs_chains.asset using Guid(fed878fb3221b9e4e9af182d15556579) Importer(815301076,1909f56bfc062723c751e8b465ee728b)  -> (artifact id: '3f669d2b7cc96fb3035805b8719659b2') in 0.047435 seconds 
Number of asset objects unloaded after import = 4
========================================================================
Received Import Request.
  Time since last request: 0.000052 seconds.
  path: Assets/Textures/Worlds/Prison/Props/prs_props_0.png
  artifactKey: Guid(a4e66f332287e104fa1adead2ea67c25) Importer(815301076,1909f56bfc062723c751e8b465ee728b)
Number of updated assets reloaded before import = 0
Start importing Assets/Textures/Worlds/Prison/Props/prs_props_0.png using Guid(a4e66f332287e104fa1adead2ea67c25) Importer(815301076,1909f56bfc062723c751e8b465ee728b)  -> (artifact id: 'e8f84da972e8098feb68cc5edd3e5d60') in 0.158683 seconds 
Number of asset objects unloaded after import = 22
========================================================================
Received Import Request.
  Time since last request: 0.000023 seconds.
  path: Assets/Textures/Worlds/Prison/materials/prs_whitePen.mat
  artifactKey: Guid(811c229cb4680dd44a5d2fac409c9fa1) Importer(815301076,1909f56bfc062723c751e8b465ee728b)
Number of updated assets reloaded before import = 0
Start importing Assets/Textures/Worlds/Prison/materials/prs_whitePen.mat using Guid(811c229cb4680dd44a5d2fac409c9fa1) Importer(815301076,1909f56bfc062723c751e8b465ee728b)  -> (artifact id: '0a237a1542f348c58fdc8b119dd35611') in 0.258633 seconds 
Number of asset objects unloaded after import = 13
========================================================================
Received Import Request.
  Time since last request: 0.000046 seconds.
  path: Assets/Textures/Worlds/Prison/materials/brickOverlay.mat
  artifactKey: Guid(667235fdc17b2ba49b2dde330699555c) Importer(815301076,1909f56bfc062723c751e8b465ee728b)
Number of updated assets reloaded before import = 0
Start importing Assets/Textures/Worlds/Prison/materials/brickOverlay.mat using Guid(667235fdc17b2ba49b2dde330699555c) Importer(815301076,1909f56bfc062723c751e8b465ee728b)  -> (artifact id: '58934ec94fff57bcd9d2e826bbece8bd') in 0.030872 seconds 
Number of asset objects unloaded after import = 4
========================================================================
Received Import Request.
  Time since last request: 0.000042 seconds.
  path: Assets/Textures/Worlds/Prison/materials/prs_mat5.mat
  artifactKey: Guid(abb38b65567a729489716f4cef1a9687) Importer(815301076,1909f56bfc062723c751e8b465ee728b)
Number of updated assets reloaded before import = 0
Start importing Assets/Textures/Worlds/Prison/materials/prs_mat5.mat using Guid(abb38b65567a729489716f4cef1a9687) Importer(815301076,1909f56bfc062723c751e8b465ee728b)  -> (artifact id: '8afe092395f4e86da0a62af3e745587f') in 0.030583 seconds 
Number of asset objects unloaded after import = 3
========================================================================
Received Import Request.
  Time since last request: 0.000033 seconds.
  path: Assets/Textures/Worlds/Prison/materials/prs_mat0.mat
  artifactKey: Guid(4478ce90e04ca64439389b950fa6a498) Importer(815301076,1909f56bfc062723c751e8b465ee728b)
Number of updated assets reloaded before import = 0
Start importing Assets/Textures/Worlds/Prison/materials/prs_mat0.mat using Guid(4478ce90e04ca64439389b950fa6a498) Importer(815301076,1909f56bfc062723c751e8b465ee728b)  -> (artifact id: '53480e28c2b7105f76a8eeb34ac6daaa') in 0.031908 seconds 
Number of asset objects unloaded after import = 4
========================================================================
Received Import Request.
  Time since last request: 0.000037 seconds.
  path: Assets/Textures/Worlds/Prison/materials/prs_mat4.mat
  artifactKey: Guid(0ecd8b64de7598347bdd600ebb538101) Importer(815301076,1909f56bfc062723c751e8b465ee728b)
Number of updated assets reloaded before import = 0
Start importing Assets/Textures/Worlds/Prison/materials/prs_mat4.mat using Guid(0ecd8b64de7598347bdd600ebb538101) Importer(815301076,1909f56bfc062723c751e8b465ee728b)  -> (artifact id: '716b4d0f6f0c1be6e6fab95aa44b0599') in 0.029014 seconds 
Number of asset objects unloaded after import = 3
========================================================================
Received Import Request.
  Time since last request: 3.840235 seconds.
  path: Assets/Textures/Worlds/Prison/Background/prs_BackHole_rule.asset
  artifactKey: Guid(29b66b1b879bcaa4db0ac4c172fb4af5) Importer(815301076,1909f56bfc062723c751e8b465ee728b)
Number of updated assets reloaded before import = 0
Start importing Assets/Textures/Worlds/Prison/Background/prs_BackHole_rule.asset using Guid(29b66b1b879bcaa4db0ac4c172fb4af5) Importer(815301076,1909f56bfc062723c751e8b465ee728b)  -> (artifact id: '8ec9bba75c0819f5260feb230a18230d') in 0.027961 seconds 
Number of asset objects unloaded after import = 23
========================================================================
Received Import Request.
  Time since last request: 0.000031 seconds.
  path: Assets/Textures/Worlds/Prison/Background/prs_window.asset
  artifactKey: Guid(a85ead92d51f860448e26f43bbc70de9) Importer(815301076,1909f56bfc062723c751e8b465ee728b)
Number of updated assets reloaded before import = 0
Start importing Assets/Textures/Worlds/Prison/Background/prs_window.asset using Guid(a85ead92d51f860448e26f43bbc70de9) Importer(815301076,1909f56bfc062723c751e8b465ee728b)  -> (artifact id: '472196b7fe4a849eca6ae70b59caf9c3') in 0.028323 seconds 
Number of asset objects unloaded after import = 11
========================================================================
Received Import Request.
  Time since last request: 0.000030 seconds.
  path: Assets/Textures/Worlds/Prison/Background/prs_penBackgroundWhite_loop.png
  artifactKey: Guid(0026d4b419a3cfb4d8fd7e4669436c70) Importer(815301076,1909f56bfc062723c751e8b465ee728b)
Number of updated assets reloaded before import = 0
Start importing Assets/Textures/Worlds/Prison/Background/prs_penBackgroundWhite_loop.png using Guid(0026d4b419a3cfb4d8fd7e4669436c70) Importer(815301076,1909f56bfc062723c751e8b465ee728b)  -> (artifact id: '6ef78fe20f01a214c30a6747cba884e5') in 0.055824 seconds 
Number of asset objects unloaded after import = 3
========================================================================
Received Import Request.
  Time since last request: 0.000041 seconds.
  path: Assets/Textures/Worlds/Prison/Background/prs_mountain.png
  artifactKey: Guid(0f7e8d2ed62966043857676e49780b27) Importer(815301076,1909f56bfc062723c751e8b465ee728b)
Number of updated assets reloaded before import = 0
Start importing Assets/Textures/Worlds/Prison/Background/prs_mountain.png using Guid(0f7e8d2ed62966043857676e49780b27) Importer(815301076,1909f56bfc062723c751e8b465ee728b)  -> (artifact id: 'a6845afefd0be0d22613acb4ff377ea7') in 0.104622 seconds 
Number of asset objects unloaded after import = 4
========================================================================
Received Import Request.
  Time since last request: 0.000058 seconds.
  path: Assets/Textures/Worlds/Prison/Background/prs_window.png
  artifactKey: Guid(f8d56b257b0826a4f9046817c6e6bd01) Importer(815301076,1909f56bfc062723c751e8b465ee728b)
Number of updated assets reloaded before import = 0
Start importing Assets/Textures/Worlds/Prison/Background/prs_window.png using Guid(f8d56b257b0826a4f9046817c6e6bd01) Importer(815301076,1909f56bfc062723c751e8b465ee728b)  -> (artifact id: '24b0ab7912a45c4100360d190deb5bfb') in 0.048500 seconds 
Number of asset objects unloaded after import = 11
========================================================================
Received Import Request.
  Time since last request: 0.000029 seconds.
  path: Assets/Textures/Worlds/Prison/Background/prs_penBackground_loop.png
  artifactKey: Guid(3b2248b50b2029a4fa0475098f895154) Importer(815301076,1909f56bfc062723c751e8b465ee728b)
Number of updated assets reloaded before import = 0
Start importing Assets/Textures/Worlds/Prison/Background/prs_penBackground_loop.png using Guid(3b2248b50b2029a4fa0475098f895154) Importer(815301076,1909f56bfc062723c751e8b465ee728b)  -> (artifact id: 'b80110e45aa0d52cd9db1fb771996aa9') in 0.049055 seconds 
Number of asset objects unloaded after import = 3
Editor requested this worker to shutdown with reason: Scaling down because of idle timeout
AssetImportWorker is now disconnected from the server
Process exiting
Exiting without the bug reporter. Application will terminate with return code 0